c:\dev\netvox\voxele\x64\debug\vc143.pdb
c:\dev\netvox\voxele\x64\debug\vc143.idb
c:\dev\netvox\voxele\x64\debug\stb_image.obj
c:\dev\netvox\voxele\x64\debug\shader.obj
c:\dev\netvox\voxele\x64\debug\camera.obj
c:\dev\netvox\voxele\x64\debug\main.obj
c:\dev\netvox\voxele\x64\debug\block.obj
c:\dev\netvox\voxele\x64\debug\chunk.obj
c:\dev\netvox\voxele\x64\debug\plane.obj
c:\dev\voxele\voxele\x64\debug\glfw3.dll
c:\dev\netvox\x64\debug\glfw3.dll
c:\dev\netvox\voxele\x64\debug\voxele.ilk
c:\dev\netvox\x64\debug\voxele.pdb
c:\dev\netvox\x64\debug\voxele.exe
c:\dev\netvox\voxele\x64\debug\voxele.tlog\cl.command.1.tlog
c:\dev\netvox\voxele\x64\debug\voxele.tlog\cl.items.tlog
c:\dev\netvox\voxele\x64\debug\voxele.tlog\cl.read.1.tlog
c:\dev\netvox\voxele\x64\debug\voxele.tlog\cl.write.1.tlog
c:\dev\netvox\voxele\x64\debug\voxele.tlog\link.command.1.tlog
c:\dev\netvox\voxele\x64\debug\voxele.tlog\link.read.1.tlog
c:\dev\netvox\voxele\x64\debug\voxele.tlog\link.secondary.1.tlog
c:\dev\netvox\voxele\x64\debug\voxele.tlog\link.write.1.tlog
c:\dev\netvox\voxele\x64\debug\voxele.tlog\voxele.write.1u.tlog
